This file contains any messages produced by compilers while
running configure, to aid debugging if configure makes a mistake.

It was created by configure, which was
generated by GNU Autoconf 2.59.  Invocation command line was

  $ ./configure 

## --------- ##
## Platform. ##
## --------- ##

hostname = Duncan-Temple-Langs-MacBook-Pro.local
uname -m = x86_64
uname -r = 11.0.0
uname -s = Darwin
uname -v = Darwin Kernel Version 11.0.0: Sat Jun 18 12:56:35 PDT 2011; root:xnu-1699.22.73~1/RELEASE_X86_64

/usr/bin/uname -p = i386
/bin/uname -X     = unknown

/bin/arch              = unknown
/usr/bin/arch -k       = unknown
/usr/convex/getsysinfo = unknown
hostinfo               = Mach kernel version:
	 Darwin Kernel Version 11.0.0: Sat Jun 18 12:56:35 PDT 2011; root:xnu-1699.22.73~1/RELEASE_X86_64
Kernel configured for up to 4 processors.
2 processors are physically available.
4 processors are logically available.
Processor type: i486 (Intel 80486)
Processors active: 0 1 2 3
Primary memory available: 8.00 gigabytes
Default processor set: 203 tasks, 831 threads, 4 processors
Load average: 3.46, Mach factor: 1.10
/bin/machine           = unknown
/usr/bin/oslevel       = unknown
/bin/universe          = unknown

PATH: /Library/Frameworks/Python.framework/Versions/Current/bin
PATH: /Library/Frameworks/Python.framework/Versions/2.6/bin
PATH: .
PATH: /usr/local/bin
PATH: .
PATH: /Users/duncan/bin
PATH: /Users/duncan/local/bin
PATH: /usr/bin
PATH: /usr/texbin
PATH: /usr/local/mysql/bin
PATH: /usr/local/noweb
PATH: /usr/local/jdk/bin
PATH: /usr/local/src/j2sdk1.3.1/bin
PATH: /usr/local/bin
PATH: /usr/statdept/bin
PATH: /usr/local/X11/bin
PATH: /usr/local/pgsql/bin
PATH: /usr/bin
PATH: /bin
PATH: /usr/local/gwTeX/bin/powerpc-apple-darwin-current
PATH: /usr/X11R6/bin
PATH: /opt/local/bin
PATH: /var/duncan/office52
PATH: /Users/duncan/Projects/org/omegahat/bin


## ----------- ##
## Core tests. ##
## ----------- ##

configure:1336: checking for gcc
configure:1352: found /usr/bin/gcc
configure:1362: result: gcc
configure:1606: checking for C compiler version
configure:1609: gcc --version </dev/null >&5
i686-apple-darwin11-llvm-gcc-4.2 (GCC) 4.2.1 (Based on Apple Inc. build 5658) (LLVM build 2335.15.00)
Copyright (C) 2007 Free Software Foundation, Inc.
This is free software; see the source for copying conditions.  There is NO
warranty; not even for MERCHANTABILITY or FITNESS FOR A PARTICULAR PURPOSE.

configure:1612: $? = 0
configure:1614: gcc -v </dev/null >&5
Using built-in specs.
Target: i686-apple-darwin11
Configured with: /private/var/tmp/llvmgcc42/llvmgcc42-2335.15~25/src/configure --disable-checking --enable-werror --prefix=/Developer/usr/llvm-gcc-4.2 --mandir=/share/man --enable-languages=c,objc,c++,obj-c++ --program-prefix=llvm- --program-transform-name=/^[cg][^.-]*$/s/$/-4.2/ --with-slibdir=/usr/lib --build=i686-apple-darwin11 --enable-llvm=/private/var/tmp/llvmgcc42/llvmgcc42-2335.15~25/dst-llvmCore/Developer/usr/local --program-prefix=i686-apple-darwin11- --host=x86_64-apple-darwin11 --target=i686-apple-darwin11 --with-gxx-include-dir=/usr/include/c++/4.2.1
Thread model: posix
gcc version 4.2.1 (Based on Apple Inc. build 5658) (LLVM build 2335.15.00)
configure:1617: $? = 0
configure:1619: gcc -V </dev/null >&5
llvm-gcc-4.2: argument to `-V' is missing
configure:1622: $? = 1
configure:1645: checking for C compiler default output file name
configure:1648: gcc    conftest.c  >&5
configure:1651: $? = 0
configure:1697: result: a.out
configure:1702: checking whether the C compiler works
configure:1708: ./a.out
configure:1711: $? = 0
configure:1728: result: yes
configure:1735: checking whether we are cross compiling
configure:1737: result: no
configure:1740: checking for suffix of executables
configure:1742: gcc -o conftest    conftest.c  >&5
configure:1745: $? = 0
configure:1770: result: 
configure:1776: checking for suffix of object files
configure:1797: gcc -c   conftest.c >&5
configure:1800: $? = 0
configure:1822: result: o
configure:1826: checking whether we are using the GNU C compiler
configure:1850: gcc -c   conftest.c >&5
configure:1856: $? = 0
configure:1860: test -z 
			 || test ! -s conftest.err
configure:1863: $? = 0
configure:1866: test -s conftest.o
configure:1869: $? = 0
configure:1882: result: yes
configure:1888: checking whether gcc accepts -g
configure:1909: gcc -c -g  conftest.c >&5
configure:1915: $? = 0
configure:1919: test -z 
			 || test ! -s conftest.err
configure:1922: $? = 0
configure:1925: test -s conftest.o
configure:1928: $? = 0
configure:1939: result: yes
configure:1956: checking for gcc option to accept ANSI C
configure:2026: gcc  -c -g -O2  conftest.c >&5
configure:2032: $? = 0
configure:2036: test -z 
			 || test ! -s conftest.err
configure:2039: $? = 0
configure:2042: test -s conftest.o
configure:2045: $? = 0
configure:2063: result: none needed
configure:2081: gcc -c -g -O2  conftest.c >&5
conftest.c:2: error: expected '=', ',', ';', 'asm' or '__attribute__' before 'me'
configure:2087: $? = 1
configure: failed program was:
| #ifndef __cplusplus
|   choke me
| #endif
configure:2228: checking how to run the C preprocessor
configure:2263: gcc -E  conftest.c
configure:2269: $? = 0
configure:2301: gcc -E  conftest.c
conftest.c:9:28: error: ac_nonexistent.h: No such file or directory
configure:2307: $? = 1
configure: failed program was:
| /* confdefs.h.  */
| 
| #define PACKAGE_NAME ""
| #define PACKAGE_TARNAME ""
| #define PACKAGE_VERSION ""
| #define PACKAGE_STRING ""
| #define PACKAGE_BUGREPORT ""
| /* end confdefs.h.  */
| #include <ac_nonexistent.h>
configure:2346: result: gcc -E
configure:2370: gcc -E  conftest.c
configure:2376: $? = 0
configure:2408: gcc -E  conftest.c
conftest.c:9:28: error: ac_nonexistent.h: No such file or directory
configure:2414: $? = 1
configure: failed program was:
| /* confdefs.h.  */
| 
| #define PACKAGE_NAME ""
| #define PACKAGE_TARNAME ""
| #define PACKAGE_VERSION ""
| #define PACKAGE_STRING ""
| #define PACKAGE_BUGREPORT ""
| /* end confdefs.h.  */
| #include <ac_nonexistent.h>
configure:2458: checking for egrep
configure:2468: result: grep -E
configure:2473: checking for ANSI C header files
configure:2498: gcc -c -g -O2  conftest.c >&5
configure:2504: $? = 0
configure:2508: test -z 
			 || test ! -s conftest.err
configure:2511: $? = 0
configure:2514: test -s conftest.o
configure:2517: $? = 0
configure:2606: gcc -o conftest -g -O2   conftest.c  >&5
conftest.c: In function 'main':
conftest.c:26: warning: incompatible implicit declaration of built-in function 'exit'
configure:2609: $? = 0
configure:2611: ./conftest
configure:2614: $? = 0
configure:2629: result: yes
configure:2653: checking for sys/types.h
configure:2669: gcc -c -g -O2  conftest.c >&5
configure:2675: $? = 0
configure:2679: test -z 
			 || test ! -s conftest.err
configure:2682: $? = 0
configure:2685: test -s conftest.o
configure:2688: $? = 0
configure:2699: result: yes
configure:2653: checking for sys/stat.h
configure:2669: gcc -c -g -O2  conftest.c >&5
configure:2675: $? = 0
configure:2679: test -z 
			 || test ! -s conftest.err
configure:2682: $? = 0
configure:2685: test -s conftest.o
configure:2688: $? = 0
configure:2699: result: yes
configure:2653: checking for stdlib.h
configure:2669: gcc -c -g -O2  conftest.c >&5
configure:2675: $? = 0
configure:2679: test -z 
			 || test ! -s conftest.err
configure:2682: $? = 0
configure:2685: test -s conftest.o
configure:2688: $? = 0
configure:2699: result: yes
configure:2653: checking for string.h
configure:2669: gcc -c -g -O2  conftest.c >&5
configure:2675: $? = 0
configure:2679: test -z 
			 || test ! -s conftest.err
configure:2682: $? = 0
configure:2685: test -s conftest.o
configure:2688: $? = 0
configure:2699: result: yes
configure:2653: checking for memory.h
configure:2669: gcc -c -g -O2  conftest.c >&5
configure:2675: $? = 0
configure:2679: test -z 
			 || test ! -s conftest.err
configure:2682: $? = 0
configure:2685: test -s conftest.o
configure:2688: $? = 0
configure:2699: result: yes
configure:2653: checking for strings.h
configure:2669: gcc -c -g -O2  conftest.c >&5
configure:2675: $? = 0
configure:2679: test -z 
			 || test ! -s conftest.err
configure:2682: $? = 0
configure:2685: test -s conftest.o
configure:2688: $? = 0
configure:2699: result: yes
configure:2653: checking for inttypes.h
configure:2669: gcc -c -g -O2  conftest.c >&5
configure:2675: $? = 0
configure:2679: test -z 
			 || test ! -s conftest.err
configure:2682: $? = 0
configure:2685: test -s conftest.o
configure:2688: $? = 0
configure:2699: result: yes
configure:2653: checking for stdint.h
configure:2669: gcc -c -g -O2  conftest.c >&5
configure:2675: $? = 0
configure:2679: test -z 
			 || test ! -s conftest.err
configure:2682: $? = 0
configure:2685: test -s conftest.o
configure:2688: $? = 0
configure:2699: result: yes
configure:2653: checking for unistd.h
configure:2669: gcc -c -g -O2  conftest.c >&5
configure:2675: $? = 0
configure:2679: test -z 
			 || test ! -s conftest.err
configure:2682: $? = 0
configure:2685: test -s conftest.o
configure:2688: $? = 0
configure:2699: result: yes
configure:2721: checking zlib.h usability
configure:2733: gcc -c -g -O2  conftest.c >&5
configure:2739: $? = 0
configure:2743: test -z 
			 || test ! -s conftest.err
configure:2746: $? = 0
configure:2749: test -s conftest.o
configure:2752: $? = 0
configure:2762: result: yes
configure:2766: checking zlib.h presence
configure:2776: gcc -E  conftest.c
configure:2782: $? = 0
configure:2802: result: yes
configure:2837: checking for zlib.h
configure:2844: result: yes
configure:2852: checking for zlibVersion in -lz
configure:2882: gcc -o conftest -g -O2   conftest.c -lz   >&5
configure:2888: $? = 0
configure:2892: test -z 
			 || test ! -s conftest.err
configure:2895: $? = 0
configure:2898: test -s conftest
configure:2901: $? = 0
configure:2914: result: yes
configure:2943: checking bzlib.h usability
configure:2955: gcc -c -g -O2  conftest.c >&5
configure:2961: $? = 0
configure:2965: test -z 
			 || test ! -s conftest.err
configure:2968: $? = 0
configure:2971: test -s conftest.o
configure:2974: $? = 0
configure:2984: result: yes
configure:2988: checking bzlib.h presence
configure:2998: gcc -E  conftest.c
configure:3004: $? = 0
configure:3024: result: yes
configure:3059: checking for bzlib.h
configure:3066: result: yes
configure:3073: checking for BZ2_bzlibVersion in -lbz2
configure:3103: gcc -o conftest -g -O2   conftest.c -lbz2  -lz  >&5
configure:3109: $? = 0
configure:3113: test -z 
			 || test ! -s conftest.err
configure:3116: $? = 0
configure:3119: test -s conftest
configure:3122: $? = 0
configure:3135: result: yes
configure:3304: creating ./config.status

## ---------------------- ##
## Running config.status. ##
## ---------------------- ##

This file was extended by config.status, which was
generated by GNU Autoconf 2.59.  Invocation command line was

  CONFIG_FILES    = 
  CONFIG_HEADERS  = 
  CONFIG_LINKS    = 
  CONFIG_COMMANDS = 
  $ ./config.status 

on Duncan-Temple-Langs-MacBook-Pro.local

config.status:633: creating src/Makevars

## ---------------- ##
## Cache variables. ##
## ---------------- ##

ac_cv_c_compiler_gnu=yes
ac_cv_env_CC_set=
ac_cv_env_CC_value=
ac_cv_env_CFLAGS_set=
ac_cv_env_CFLAGS_value=
ac_cv_env_CPPFLAGS_set=
ac_cv_env_CPPFLAGS_value=
ac_cv_env_CPP_set=
ac_cv_env_CPP_value=
ac_cv_env_LDFLAGS_set=
ac_cv_env_LDFLAGS_value=
ac_cv_env_build_alias_set=
ac_cv_env_build_alias_value=
ac_cv_env_host_alias_set=
ac_cv_env_host_alias_value=
ac_cv_env_target_alias_set=
ac_cv_env_target_alias_value=
ac_cv_exeext=
ac_cv_header_bzlib_h=yes
ac_cv_header_inttypes_h=yes
ac_cv_header_memory_h=yes
ac_cv_header_stdc=yes
ac_cv_header_stdint_h=yes
ac_cv_header_stdlib_h=yes
ac_cv_header_string_h=yes
ac_cv_header_strings_h=yes
ac_cv_header_sys_stat_h=yes
ac_cv_header_sys_types_h=yes
ac_cv_header_unistd_h=yes
ac_cv_header_zlib_h=yes
ac_cv_lib_bz2_BZ2_bzlibVersion=yes
ac_cv_lib_z_zlibVersion=yes
ac_cv_objext=o
ac_cv_prog_CPP='gcc -E'
ac_cv_prog_ac_ct_CC=gcc
ac_cv_prog_cc_g=yes
ac_cv_prog_cc_stdc=
ac_cv_prog_egrep='grep -E'

## ----------------- ##
## Output variables. ##
## ----------------- ##

CC='gcc'
CFLAGS='-g -O2'
CPP='gcc -E'
CPPFLAGS=''
DEFS='-DPACKAGE_NAME=\"\" -DPACKAGE_TARNAME=\"\" -DPACKAGE_VERSION=\"\" -DPACKAGE_STRING=\"\" -DPACKAGE_BUGREPORT=\"\" -DSTDC_HEADERS=1 -DHAVE_SYS_TYPES_H=1 -DHAVE_SYS_STAT_H=1 -DHAVE_STDLIB_H=1 -DHAVE_STRING_H=1 -DHAVE_MEMORY_H=1 -DHAVE_STRINGS_H=1 -DHAVE_INTTYPES_H=1 -DHAVE_STDINT_H=1 -DHAVE_UNISTD_H=1 -DHAVE_LIBZ=1 -DHAVE_LIBBZ2=1 '
ECHO_C=''
ECHO_N='-n'
ECHO_T=''
EGREP='grep -E'
EXEEXT=''
LDFLAGS=''
LIBOBJS=''
LIBS='-lbz2 -lz '
LTLIBOBJS=''
OBJEXT='o'
PACKAGE_BUGREPORT=''
PACKAGE_NAME=''
PACKAGE_STRING=''
PACKAGE_TARNAME=''
PACKAGE_VERSION=''
PATH_SEPARATOR=':'
SHELL='/bin/sh'
ac_ct_CC='gcc'
bindir='${exec_prefix}/bin'
build_alias=''
datadir='${prefix}/share'
exec_prefix='${prefix}'
host_alias=''
includedir='${prefix}/include'
infodir='${prefix}/info'
libdir='${exec_prefix}/lib'
libexecdir='${exec_prefix}/libexec'
localstatedir='${prefix}/var'
mandir='${prefix}/man'
oldincludedir='/usr/include'
prefix='/usr/local'
program_transform_name='s,x,x,'
sbindir='${exec_prefix}/sbin'
sharedstatedir='${prefix}/com'
sysconfdir='${prefix}/etc'
target_alias=''

## ----------- ##
## confdefs.h. ##
## ----------- ##

#define HAVE_INTTYPES_H 1
#define HAVE_LIBBZ2 1
#define HAVE_LIBZ 1
#define HAVE_MEMORY_H 1
#define HAVE_STDINT_H 1
#define HAVE_STDLIB_H 1
#define HAVE_STRINGS_H 1
#define HAVE_STRING_H 1
#define HAVE_SYS_STAT_H 1
#define HAVE_SYS_TYPES_H 1
#define HAVE_UNISTD_H 1
#define PACKAGE_BUGREPORT ""
#define PACKAGE_NAME ""
#define PACKAGE_STRING ""
#define PACKAGE_TARNAME ""
#define PACKAGE_VERSION ""
#define STDC_HEADERS 1

configure: exit 0
